{"/home/khattab/projects/easyhack-ctf/server/src/app.ts": {"path":"/home/khattab/projects/easyhack-ctf/server/src/app.ts","statementMap":{"0":{"start":{"line":1,"column":0},"end":{"line":1,"column":30}},"1":{"start":{"line":2,"column":0},"end":{"line":2,"column":28}},"2":{"start":{"line":3,"column":0},"end":{"line":3,"column":39}},"3":{"start":{"line":4,"column":0},"end":{"line":4,"column":28}},"4":{"start":{"line":5,"column":0},"end":{"line":5,"column":38}},"5":{"start":{"line":6,"column":0},"end":{"line":6,"column":37}},"6":{"start":{"line":7,"column":0},"end":{"line":7,"column":24}},"7":{"start":{"line":8,"column":0},"end":{"line":8,"column":28}},"8":{"start":{"line":9,"column":0},"end":{"line":9,"column":30}},"9":{"start":{"line":11,"column":12},"end":{"line":11,"column":21}},"10":{"start":{"line":12,"column":24},"end":{"line":13,"column":null}},"11":{"start":{"line":17,"column":0},"end":{"line":17,"column":55}},"12":{"start":{"line":18,"column":0},"end":{"line":18,"column":23}},"13":{"start":{"line":19,"column":0},"end":{"line":19,"column":16}},"14":{"start":{"line":21,"column":0},"end":{"line":21,"column":18}},"15":{"start":{"line":22,"column":0},"end":{"line":22,"column":27}},"16":{"start":{"line":23,"column":0},"end":{"line":23,"column":52}},"17":{"start":{"line":25,"column":0},"end":{"line":25,"column":24}},"18":{"start":{"line":26,"column":0},"end":{"line":26,"column":19}}},"fnMap":{},"branchMap":{},"s":{"0":1,"1":1,"2":1,"3":1,"4":1,"5":1,"6":1,"7":1,"8":1,"9":1,"10":1,"11":1,"12":1,"13":1,"14":1,"15":1,"16":1,"17":1,"18":1},"f":{},"b":{}}
,"/home/khattab/projects/easyhack-ctf/server/src/controllers/users.ts": {"path":"/home/khattab/projects/easyhack-ctf/server/src/controllers/users.ts","statementMap":{"0":{"start":{"line":2,"column":0},"end":{"line":2,"column":44}},"1":{"start":{"line":9,"column":11},"end":{"line":16,"column":null}},"2":{"start":{"line":9,"column":59},"end":{"line":16,"column":null}},"3":{"start":{"line":10,"column":8},"end":{"line":15,"column":null}},"4":{"start":{"line":11,"column":26},"end":{"line":11,"column":43}},"5":{"start":{"line":12,"column":12},"end":{"line":12,"column":39}},"6":{"start":{"line":14,"column":12},"end":{"line":14,"column":51}},"7":{"start":{"line":21,"column":11},"end":{"line":29,"column":null}},"8":{"start":{"line":21,"column":59},"end":{"line":29,"column":null}},"9":{"start":{"line":22,"column":19},"end":{"line":22,"column":38}},"10":{"start":{"line":23,"column":8},"end":{"line":28,"column":null}},"11":{"start":{"line":24,"column":25},"end":{"line":24,"column":51}},"12":{"start":{"line":25,"column":12},"end":{"line":25,"column":38}},"13":{"start":{"line":27,"column":12},"end":{"line":27,"column":51}},"14":{"start":{"line":37,"column":11},"end":{"line":53,"column":null}},"15":{"start":{"line":37,"column":61},"end":{"line":53,"column":null}},"16":{"start":{"line":38,"column":21},"end":{"line":38,"column":32}},"17":{"start":{"line":39,"column":21},"end":{"line":39,"column":32}},"18":{"start":{"line":40,"column":8},"end":{"line":42,"column":null}},"19":{"start":{"line":41,"column":12},"end":{"line":41,"column":39}},"20":{"start":{"line":43,"column":8},"end":{"line":52,"column":null}},"21":{"start":{"line":47,"column":16},"end":{"line":47,"column":20}},"22":{"start":{"line":48,"column":12},"end":{"line":48,"column":72}},"23":{"start":{"line":49,"column":12},"end":{"line":49,"column":63}},"24":{"start":{"line":51,"column":12},"end":{"line":51,"column":51}},"25":{"start":{"line":60,"column":11},"end":{"line":71,"column":null}},"26":{"start":{"line":60,"column":61},"end":{"line":71,"column":null}},"27":{"start":{"line":61,"column":21},"end":{"line":61,"column":32}},"28":{"start":{"line":62,"column":8},"end":{"line":64,"column":null}},"29":{"start":{"line":63,"column":12},"end":{"line":63,"column":39}},"30":{"start":{"line":65,"column":8},"end":{"line":70,"column":null}},"31":{"start":{"line":66,"column":12},"end":{"line":66,"column":52}},"32":{"start":{"line":67,"column":12},"end":{"line":67,"column":63}},"33":{"start":{"line":69,"column":12},"end":{"line":69,"column":51}},"34":{"start":{"line":4,"column":0},"end":{"line":4,"column":13}}},"fnMap":{"0":{"name":"(anonymous_6)","decl":{"start":{"line":9,"column":21},"end":{"line":9,"column":28}},"loc":{"start":{"line":9,"column":59},"end":{"line":16,"column":null}}},"1":{"name":"(anonymous_7)","decl":{"start":{"line":9,"column":59},"end":{"line":9,"column":null}},"loc":{"start":{"line":9,"column":59},"end":{"line":16,"column":5}}},"2":{"name":"(anonymous_8)","decl":{"start":{"line":21,"column":21},"end":{"line":21,"column":28}},"loc":{"start":{"line":21,"column":59},"end":{"line":29,"column":null}}},"3":{"name":"(anonymous_9)","decl":{"start":{"line":21,"column":59},"end":{"line":21,"column":null}},"loc":{"start":{"line":21,"column":59},"end":{"line":29,"column":5}}},"4":{"name":"(anonymous_10)","decl":{"start":{"line":37,"column":23},"end":{"line":37,"column":30}},"loc":{"start":{"line":37,"column":61},"end":{"line":53,"column":null}}},"5":{"name":"(anonymous_11)","decl":{"start":{"line":37,"column":61},"end":{"line":37,"column":null}},"loc":{"start":{"line":37,"column":61},"end":{"line":53,"column":5}}},"6":{"name":"(anonymous_12)","decl":{"start":{"line":60,"column":23},"end":{"line":60,"column":30}},"loc":{"start":{"line":60,"column":61},"end":{"line":71,"column":null}}},"7":{"name":"(anonymous_13)","decl":{"start":{"line":60,"column":61},"end":{"line":60,"column":null}},"loc":{"start":{"line":60,"column":61},"end":{"line":71,"column":5}}}},"branchMap":{"0":{"loc":{"start":{"line":40,"column":8},"end":{"line":42,"column":null}},"type":"if","locations":[{"start":{"line":40,"column":8},"end":{"line":42,"column":null}},{"start":{"line":40,"column":8},"end":{"line":42,"column":null}}]},"1":{"loc":{"start":{"line":45,"column":27},"end":{"line":45,"column":43}},"type":"default-arg","locations":[{"start":{"line":45,"column":27},"end":{"line":45,"column":43}}]},"2":{"loc":{"start":{"line":46,"column":24},"end":{"line":46,"column":37}},"type":"default-arg","locations":[{"start":{"line":46,"column":24},"end":{"line":46,"column":37}}]},"3":{"loc":{"start":{"line":62,"column":8},"end":{"line":64,"column":null}},"type":"if","locations":[{"start":{"line":62,"column":8},"end":{"line":64,"column":null}},{"start":{"line":62,"column":8},"end":{"line":64,"column":null}}]}},"s":{"0":1,"1":1,"2":2,"3":2,"4":2,"5":0,"6":0,"7":1,"8":0,"9":0,"10":0,"11":0,"12":0,"13":0,"14":1,"15":0,"16":0,"17":0,"18":0,"19":0,"20":0,"21":0,"22":0,"23":0,"24":0,"25":1,"26":0,"27":0,"28":0,"29":0,"30":0,"31":0,"32":0,"33":0,"34":1},"f":{"0":2,"1":2,"2":0,"3":0,"4":0,"5":0,"6":0,"7":0},"b":{"0":[0,0],"1":[0],"2":[0],"3":[0,0]}}
,"/home/khattab/projects/easyhack-ctf/server/src/models/user.model.ts": {"path":"/home/khattab/projects/easyhack-ctf/server/src/models/user.model.ts","statementMap":{"0":{"start":{"line":1,"column":0},"end":{"line":1,"column":58}},"1":{"start":{"line":2,"column":0},"end":{"line":2,"column":30}},"2":{"start":{"line":12,"column":19},"end":{"line":29,"column":2}},"3":{"start":{"line":31,"column":0},"end":{"line":35,"column":null}},"4":{"start":{"line":32,"column":4},"end":{"line":34,"column":7}},"5":{"start":{"line":33,"column":8},"end":{"line":33,"column":25}},"6":{"start":{"line":37,"column":0},"end":{"line":52,"column":3}},"7":{"start":{"line":38,"column":17},"end":{"line":38,"column":37}},"8":{"start":{"line":39,"column":4},"end":{"line":41,"column":null}},"9":{"start":{"line":40,"column":8},"end":{"line":40,"column":22}},"10":{"start":{"line":43,"column":4},"end":{"line":50,"column":7}},"11":{"start":{"line":44,"column":8},"end":{"line":44,"column":null}},"12":{"start":{"line":44,"column":19},"end":{"line":44,"column":36}},"13":{"start":{"line":45,"column":8},"end":{"line":49,"column":11}},"14":{"start":{"line":46,"column":12},"end":{"line":46,"column":null}},"15":{"start":{"line":46,"column":23},"end":{"line":46,"column":40}},"16":{"start":{"line":47,"column":12},"end":{"line":47,"column":33}},"17":{"start":{"line":48,"column":12},"end":{"line":48,"column":19}},"18":{"start":{"line":54,"column":13},"end":{"line":54,"column":60}}},"fnMap":{"0":{"name":"(anonymous_1)","decl":{"start":{"line":31,"column":37},"end":{"line":31,"column":46}},"loc":{"start":{"line":31,"column":76},"end":{"line":35,"column":1}}},"1":{"name":"(anonymous_2)","decl":{"start":{"line":32,"column":44},"end":{"line":32,"column":45}},"loc":{"start":{"line":32,"column":77},"end":{"line":34,"column":5}}},"2":{"name":"save","decl":{"start":{"line":37,"column":32},"end":{"line":37,"column":36}},"loc":{"start":{"line":37,"column":41},"end":{"line":52,"column":1}}},"3":{"name":"(anonymous_4)","decl":{"start":{"line":43,"column":23},"end":{"line":43,"column":24}},"loc":{"start":{"line":43,"column":37},"end":{"line":50,"column":5}}},"4":{"name":"(anonymous_5)","decl":{"start":{"line":45,"column":41},"end":{"line":45,"column":42}},"loc":{"start":{"line":45,"column":62},"end":{"line":49,"column":9}}}},"branchMap":{"0":{"loc":{"start":{"line":39,"column":4},"end":{"line":41,"column":null}},"type":"if","locations":[{"start":{"line":39,"column":4},"end":{"line":41,"column":null}},{"start":{"line":39,"column":4},"end":{"line":41,"column":null}}]},"1":{"loc":{"start":{"line":44,"column":8},"end":{"line":44,"column":null}},"type":"if","locations":[{"start":{"line":44,"column":8},"end":{"line":44,"column":null}},{"start":{"line":44,"column":8},"end":{"line":44,"column":null}}]},"2":{"loc":{"start":{"line":46,"column":12},"end":{"line":46,"column":null}},"type":"if","locations":[{"start":{"line":46,"column":12},"end":{"line":46,"column":null}},{"start":{"line":46,"column":12},"end":{"line":46,"column":null}}]}},"s":{"0":1,"1":1,"2":1,"3":1,"4":0,"5":0,"6":1,"7":0,"8":0,"9":0,"10":0,"11":0,"12":0,"13":0,"14":0,"15":0,"16":0,"17":0,"18":1},"f":{"0":0,"1":0,"2":0,"3":0,"4":0},"b":{"0":[0,0],"1":[0,0],"2":[0,0]}}
,"/home/khattab/projects/easyhack-ctf/server/src/routes/index.ts": {"path":"/home/khattab/projects/easyhack-ctf/server/src/routes/index.ts","statementMap":{"0":{"start":{"line":1,"column":0},"end":{"line":1,"column":33}},"1":{"start":{"line":2,"column":0},"end":{"line":2,"column":34}},"2":{"start":{"line":4,"column":15},"end":{"line":4,"column":23}},"3":{"start":{"line":5,"column":0},"end":{"line":5,"column":34}},"4":{"start":{"line":7,"column":0},"end":{"line":7,"column":22}}},"fnMap":{},"branchMap":{},"s":{"0":1,"1":1,"2":1,"3":1,"4":1},"f":{},"b":{}}
,"/home/khattab/projects/easyhack-ctf/server/src/routes/users.ts": {"path":"/home/khattab/projects/easyhack-ctf/server/src/routes/users.ts","statementMap":{"0":{"start":{"line":1,"column":0},"end":{"line":1,"column":33}},"1":{"start":{"line":2,"column":0},"end":{"line":2,"column":54}},"2":{"start":{"line":4,"column":15},"end":{"line":4,"column":23}},"3":{"start":{"line":12,"column":0},"end":{"line":12,"column":40}},"4":{"start":{"line":14,"column":0},"end":{"line":17,"column":38}},"5":{"start":{"line":19,"column":0},"end":{"line":19,"column":22}}},"fnMap":{},"branchMap":{},"s":{"0":1,"1":1,"2":1,"3":1,"4":1,"5":1},"f":{},"b":{}}
}
